<?xml version="1.0" encoding="UTF-8"?>
<!-- Generated by org.testng.reporters.JUnitXMLReporter -->
<testsuite ignored="4" hostname="Akash" failures="0" tests="0" time="0.007" errors="0" timestamp="2021-11-17T12:28:17 IST">
  <testcase classname="test.OperationTest" name="testAdd" time="0.0">
    <ignored/>
  </testcase> <!-- testAdd -->
  <testcase classname="test.OperationTest" name="testDiv" time="0.0">
    <ignored/>
  </testcase> <!-- testDiv -->
  <testcase classname="test.OperationTest" name="testSub" time="0.0">
    <ignored/>
  </testcase> <!-- testSub -->
  <testcase classname="test.OperationTest" name="testMul" time="0.0">
    <ignored/>
  </testcase> <!-- testMul -->
</testsuite>
