<?xml version="1.0" encoding="UTF-8"?>
<!-- Generated by org.testng.reporters.JUnitXMLReporter -->
<testsuite ignored="2" hostname="Akash" failures="0" tests="2" name="OrganizationTest" time="0.034" errors="0" timestamp="2021-11-17T12:28:17 IST">
  <testcase classname="test.ItTeamTest" name="getBonusTest" time="0.01"/>
  <testcase classname="test.NonItTeamTest" name="getBonusTest" time="0.001"/>
  <testcase classname="test.ItTeamTest" name="getSkillSetTest" time="0.0">
    <ignored/>
  </testcase> <!-- getSkillSetTest -->
  <testcase classname="test.NonItTeamTest" name="getGraducationDetailsTest" time="0.0">
    <ignored/>
  </testcase> <!-- getGraducationDetailsTest -->
</testsuite> <!-- OrganizationTest -->
