<?xml version="1.0" encoding="UTF-8"?>
<!-- Generated by org.testng.reporters.JUnitXMLReporter -->
<testsuite ignored="3" hostname="Akash" failures="0" tests="0" time="0.0" errors="0" timestamp="2021-11-17T12:28:17 IST">
  <testcase classname="test.ProductServiceTest" name="searchProductTest" time="0.0">
    <ignored/>
  </testcase> <!-- searchProductTest -->
  <testcase classname="test.ProductServiceTest" name="filterProductTest" time="0.0">
    <ignored/>
  </testcase> <!-- filterProductTest -->
  <testcase classname="test.ProductServiceTest" name="isExpiriedTest" time="0.0">
    <ignored/>
  </testcase> <!-- isExpiriedTest -->
</testsuite>
