<?xml version="1.0" encoding="UTF-8"?>
<testng-results ignored="0" total="1" passed="1" failed="0" skipped="0">
  <reporter-output>
  </reporter-output>
  <suite started-at="2021-11-17T15:35:00 IST" name="Default suite" finished-at="2021-11-17T15:35:07 IST" duration-ms="6218">
    <groups>
    </groups>
    <test started-at="2021-11-17T15:35:00 IST" name="Default test" finished-at="2021-11-17T15:35:07 IST" duration-ms="6218">
      <class name="test.WebApplicationTest">
        <test-method is-config="true" signature="beforeTest()[pri:0, instance:test.WebApplicationTest@4803b726]" started-at="2021-11-17T15:35:00 IST" name="beforeTest" finished-at="2021-11-17T15:35:02 IST" duration-ms="1899" status="PASS">
          <reporter-output>
          </reporter-output>
        </test-method> <!-- beforeTest -->
        <test-method signature="webPageTest()[pri:0, instance:test.WebApplicationTest@4803b726]" started-at="2021-11-17T15:35:02 IST" name="webPageTest" finished-at="2021-11-17T15:35:02 IST" duration-ms="151" status="PASS">
          <reporter-output>
          </reporter-output>
        </test-method> <!-- webPageTest -->
        <test-method is-config="true" signature="afterTest()[pri:0, instance:test.WebApplicationTest@4803b726]" started-at="2021-11-17T15:35:02 IST" name="afterTest" finished-at="2021-11-17T15:35:07 IST" duration-ms="4147" status="PASS">
          <reporter-output>
          </reporter-output>
        </test-method> <!-- afterTest -->
      </class> <!-- test.WebApplicationTest -->
    </test> <!-- Default test -->
  </suite> <!-- Default suite -->
</testng-results>
