<?xml version="1.0" encoding="UTF-8"?>
<testng-results ignored="0" total="2" passed="2" failed="0" skipped="0">
  <reporter-output>
  </reporter-output>
  <suite started-at="2021-11-17T12:36:16 IST" name="Default suite" finished-at="2021-11-17T12:36:16 IST" duration-ms="29">
    <groups>
    </groups>
    <test started-at="2021-11-17T12:36:16 IST" name="Default test" finished-at="2021-11-17T12:36:16 IST" duration-ms="29">
      <class name="test.NgTestingHooks">
        <test-method is-config="true" signature="beforeSuite()[pri:0, instance:test.NgTestingHooks@73700b80]" started-at="2021-11-17T12:36:16 IST" name="beforeSuite" finished-at="2021-11-17T12:36:16 IST" duration-ms="5" status="PASS">
          <reporter-output>
          </reporter-output>
        </test-method> <!-- beforeSuite -->
        <test-method is-config="true" signature="beforeTest()[pri:0, instance:test.NgTestingHooks@73700b80]" started-at="2021-11-17T12:36:16 IST" name="beforeTest" finished-at="2021-11-17T12:36:16 IST" duration-ms="0" status="PASS">
          <reporter-output>
          </reporter-output>
        </test-method> <!-- beforeTest -->
        <test-method is-config="true" signature="beforeClass()[pri:0, instance:test.NgTestingHooks@73700b80]" started-at="2021-11-17T12:36:16 IST" name="beforeClass" finished-at="2021-11-17T12:36:16 IST" duration-ms="1" status="PASS">
          <reporter-output>
          </reporter-output>
        </test-method> <!-- beforeClass -->
        <test-method is-config="true" signature="beforeMethod()[pri:0, instance:test.NgTestingHooks@73700b80]" started-at="2021-11-17T12:36:16 IST" name="beforeMethod" finished-at="2021-11-17T12:36:16 IST" duration-ms="0" status="PASS">
          <reporter-output>
          </reporter-output>
        </test-method> <!-- beforeMethod -->
        <test-method signature="f(java.lang.Integer,java.lang.String)[pri:0, instance:test.NgTestingHooks@73700b80]" started-at="2021-11-17T12:36:16 IST" name="f" data-provider="dp" finished-at="2021-11-17T12:36:16 IST" duration-ms="3" status="PASS">
          <params>
            <param index="0">
              <value>
                <![CDATA[1]]>
              </value>
            </param>
            <param index="1">
              <value>
                <![CDATA[a]]>
              </value>
            </param>
          </params>
          <reporter-output>
          </reporter-output>
        </test-method> <!-- f -->
        <test-method is-config="true" signature="afterMethod()[pri:0, instance:test.NgTestingHooks@73700b80]" started-at="2021-11-17T12:36:16 IST" name="afterMethod" finished-at="2021-11-17T12:36:16 IST" duration-ms="0" status="PASS">
          <reporter-output>
          </reporter-output>
        </test-method> <!-- afterMethod -->
        <test-method signature="f(java.lang.Integer,java.lang.String)[pri:0, instance:test.NgTestingHooks@73700b80]" started-at="2021-11-17T12:36:16 IST" name="f" data-provider="dp" finished-at="2021-11-17T12:36:16 IST" duration-ms="1" status="PASS">
          <params>
            <param index="0">
              <value>
                <![CDATA[2]]>
              </value>
            </param>
            <param index="1">
              <value>
                <![CDATA[b]]>
              </value>
            </param>
          </params>
          <reporter-output>
          </reporter-output>
        </test-method> <!-- f -->
        <test-method is-config="true" signature="beforeMethod()[pri:0, instance:test.NgTestingHooks@73700b80]" started-at="2021-11-17T12:36:16 IST" name="beforeMethod" finished-at="2021-11-17T12:36:16 IST" duration-ms="0" status="PASS">
          <reporter-output>
          </reporter-output>
        </test-method> <!-- beforeMethod -->
        <test-method is-config="true" signature="afterMethod()[pri:0, instance:test.NgTestingHooks@73700b80]" started-at="2021-11-17T12:36:16 IST" name="afterMethod" finished-at="2021-11-17T12:36:16 IST" duration-ms="0" status="PASS">
          <reporter-output>
          </reporter-output>
        </test-method> <!-- afterMethod -->
        <test-method is-config="true" signature="afterClass()[pri:0, instance:test.NgTestingHooks@73700b80]" started-at="2021-11-17T12:36:16 IST" name="afterClass" finished-at="2021-11-17T12:36:16 IST" duration-ms="0" status="PASS">
          <reporter-output>
          </reporter-output>
        </test-method> <!-- afterClass -->
        <test-method is-config="true" signature="afterTest()[pri:0, instance:test.NgTestingHooks@73700b80]" started-at="2021-11-17T12:36:16 IST" name="afterTest" finished-at="2021-11-17T12:36:16 IST" duration-ms="0" status="PASS">
          <reporter-output>
          </reporter-output>
        </test-method> <!-- afterTest -->
        <test-method is-config="true" signature="afterSuite()[pri:0, instance:test.NgTestingHooks@73700b80]" started-at="2021-11-17T12:36:16 IST" name="afterSuite" finished-at="2021-11-17T12:36:16 IST" duration-ms="0" status="PASS">
          <reporter-output>
          </reporter-output>
        </test-method> <!-- afterSuite -->
      </class> <!-- test.NgTestingHooks -->
    </test> <!-- Default test -->
  </suite> <!-- Default suite -->
</testng-results>
